12, 04, 2021 (19:28:00): Opening rpy file C:\Program Files (x86)\IBM\Rational\Rhapsody Modeler\7.5\Share\Properties\PredefinedTypes.sbs
12, 04, 2021 (19:28:00): 
 Started loading C:\Program Files (x86)\IBM\Rational\Rhapsody Modeler\7.5\Share\Properties\PredefinedTypes.sbs on Saturday, December 04, 2021 (19:28:00).-

12, 04, 2021 (19:28:00): 

Starting inUnit resolution phase


12, 04, 2021 (19:28:00): 

Finished inUnit resolution phase


12, 04, 2021 (19:28:00): 
 Finished loading C:\Program Files (x86)\IBM\Rational\Rhapsody Modeler\7.5\Share\Properties\PredefinedTypes.sbs on Saturday, December 04, 2021 (19:28:00).-

12, 04, 2021 (19:28:00): Opening rpy file C:\Program Files (x86)\IBM\Rational\Rhapsody Modeler\7.5\Share\Properties\PredefinedTypesC++.sbs
12, 04, 2021 (19:28:00): 
 Started loading C:\Program Files (x86)\IBM\Rational\Rhapsody Modeler\7.5\Share\Properties\PredefinedTypesC++.sbs on Saturday, December 04, 2021 (19:28:00).-

12, 04, 2021 (19:28:00): 

Starting inUnit resolution phase


12, 04, 2021 (19:28:00): 

Finished inUnit resolution phase


12, 04, 2021 (19:28:00): 
 Finished loading C:\Program Files (x86)\IBM\Rational\Rhapsody Modeler\7.5\Share\Properties\PredefinedTypesC++.sbs on Saturday, December 04, 2021 (19:28:00).-

12, 04, 2021 (19:28:00): Opening rpy file C:\Users\Micah\Desktop\CSC440SoloProject\Diagrams\Project\Project.rpy
12, 04, 2021 (19:28:00): 
 Started loading C:\Users\Micah\Desktop\CSC440SoloProject\Diagrams\Project\Project.rpy on Saturday, December 04, 2021 (19:28:00).-

12, 04, 2021 (19:28:00): Opening rpy file C:\Users\Micah\Desktop\CSC440SoloProject\Diagrams\Project\Project_rpy\Default.sbs
12, 04, 2021 (19:28:00): 
 Started loading C:\Users\Micah\Desktop\CSC440SoloProject\Diagrams\Project\Project_rpy\Default.sbs on Saturday, December 04, 2021 (19:28:00).-

12, 04, 2021 (19:28:00): 

Starting inUnit resolution phase


12, 04, 2021 (19:28:00): 

Finished inUnit resolution phase


12, 04, 2021 (19:28:00): 
 Finished loading C:\Users\Micah\Desktop\CSC440SoloProject\Diagrams\Project\Project_rpy\Default.sbs on Saturday, December 04, 2021 (19:28:00).-

12, 04, 2021 (19:28:00): Opening rpy file C:\Users\Micah\Desktop\CSC440SoloProject\Diagrams\Project\Project_rpy\package_1.sbs
12, 04, 2021 (19:28:00): 
 Started loading C:\Users\Micah\Desktop\CSC440SoloProject\Diagrams\Project\Project_rpy\package_1.sbs on Saturday, December 04, 2021 (19:28:00).-

12, 04, 2021 (19:28:00): 

Starting inUnit resolution phase


12, 04, 2021 (19:28:00): 

Finished inUnit resolution phase


12, 04, 2021 (19:28:00): 
 Finished loading C:\Users\Micah\Desktop\CSC440SoloProject\Diagrams\Project\Project_rpy\package_1.sbs on Saturday, December 04, 2021 (19:28:00).-

12, 04, 2021 (19:28:00): Opening rpy file C:\Users\Micah\Desktop\CSC440SoloProject\Diagrams\Project\Project_rpy\DefaultComponent.cmp
12, 04, 2021 (19:28:00): 
 Started loading C:\Users\Micah\Desktop\CSC440SoloProject\Diagrams\Project\Project_rpy\DefaultComponent.cmp on Saturday, December 04, 2021 (19:28:00).-

12, 04, 2021 (19:28:00): 

Starting inUnit resolution phase


12, 04, 2021 (19:28:00): 

Finished inUnit resolution phase


12, 04, 2021 (19:28:01): 
 Finished loading C:\Users\Micah\Desktop\CSC440SoloProject\Diagrams\Project\Project_rpy\DefaultComponent.cmp on Saturday, December 04, 2021 (19:28:01).-

12, 04, 2021 (19:28:01): 

Starting inUnit resolution phase


12, 04, 2021 (19:28:01): 

Finished inUnit resolution phase


12, 04, 2021 (19:28:01): 

Starting inUnit resolution phase


12, 04, 2021 (19:28:01): 

Finished inUnit resolution phase


12, 04, 2021 (19:28:01): 

Starting inUnit resolution phase


12, 04, 2021 (19:28:01): 

Finished inUnit resolution phase


12, 04, 2021 (19:28:01): 
 Finished loading C:\Users\Micah\Desktop\CSC440SoloProject\Diagrams\Project\Project.rpy on Saturday, December 04, 2021 (19:28:01).-

12, 04, 2021 (19:28:01): Starting checks of EventsBaseID conflicts
12, 04, 2021 (19:28:01): Finished checks of EventsBaseID conflicts
12, 04, 2021 (19:28:01): End Log
