09, 08, 2021 (11:30:09): Starting Pre-Save actions

09, 08, 2021 (11:30:09): Starting Dialogs Check/Save
09, 08, 2021 (11:30:09): Finished Dialogs Check/Save
09, 08, 2021 (11:30:09): Starting Controlled Files Resolution
09, 08, 2021 (11:30:09): Finished Controlled Files Resolution
09, 08, 2021 (11:30:09): Finished Pre-Save actions

09, 08, 2021 (11:30:09): Creating C:\Users\Micah\Desktop\CSC440SoloProject\Diagrams\Project\Project.rpy
09, 08, 2021 (11:30:09): 
Started writing C:\Users\Micah\Desktop\CSC440SoloProject\Diagrams\Project\Project.rpy on Wednesday, September 08, 2021 (11:30:09)

09, 08, 2021 (11:30:09): version 8.5.2
09, 08, 2021 (11:30:09): 
Started writing C:\Users\Micah\Desktop\CSC440SoloProject\Diagrams\Project\Project_rpy\filesTable.dat on Wednesday, September 08, 2021 (11:30:09)

09, 08, 2021 (11:30:09): Finished writing C:\Users\Micah\Desktop\CSC440SoloProject\Diagrams\Project\Project_rpy\filesTable.dat on Wednesday, September 08, 2021 (11:30:09)

09, 08, 2021 (11:30:09): Creating C:\Users\Micah\Desktop\CSC440SoloProject\Diagrams\Project\Project_rpy\Default.sbs
09, 08, 2021 (11:30:09): 
Started writing C:\Users\Micah\Desktop\CSC440SoloProject\Diagrams\Project\Project_rpy\Default.sbs on Wednesday, September 08, 2021 (11:30:09)

09, 08, 2021 (11:30:09): version 8.5.2
09, 08, 2021 (11:30:09): Finished writing C:\Users\Micah\Desktop\CSC440SoloProject\Diagrams\Project\Project_rpy\Default.sbs on Wednesday, September 08, 2021 (11:30:09)

09, 08, 2021 (11:30:09): Creating C:\Users\Micah\Desktop\CSC440SoloProject\Diagrams\Project\Project_rpy\package_1.sbs
09, 08, 2021 (11:30:09): 
Started writing C:\Users\Micah\Desktop\CSC440SoloProject\Diagrams\Project\Project_rpy\package_1.sbs on Wednesday, September 08, 2021 (11:30:09)

09, 08, 2021 (11:30:09): version 8.5.2
09, 08, 2021 (11:30:09): Finished writing C:\Users\Micah\Desktop\CSC440SoloProject\Diagrams\Project\Project_rpy\package_1.sbs on Wednesday, September 08, 2021 (11:30:09)

09, 08, 2021 (11:30:09): Finished writing C:\Users\Micah\Desktop\CSC440SoloProject\Diagrams\Project\Project.rpy on Wednesday, September 08, 2021 (11:30:09)

09, 08, 2021 (11:30:09): End Log
